2026-07-05 00:54:44,919 | INFO | Received URL: https://google.com
2026-07-05 00:54:44,920 | INFO | analyze_url_complete() called
2026-07-05 00:54:44,920 | INFO | Starting analysis for https://google.com
2026-07-05 00:54:50,275 | INFO | Checking VirusTotal for https://google.com
2026-07-05 00:54:58,437 | INFO | VirusTotal analysis completed.
2026-07-05 00:54:58,439 | INFO | HTTPS: True
2026-07-05 00:54:58,439 | INFO | DNS Status: Valid
2026-07-05 00:54:58,439 | INFO | VirusTotal: Available
2026-07-05 00:54:58,439 | INFO | URL analysis completed.
2026-07-05 00:54:58,439 | INFO | Score: 0
2026-07-05 00:54:58,457 | INFO | Risk: LOW
2026-07-05 00:54:58,457 | INFO | Analysis completed successfully.
2026-07-05 00:54:58,457 | INFO | Analysis completed successfully.
2026-07-05 11:26:20,050 | INFO | Received URL: https://google.com
2026-07-05 11:26:20,051 | INFO | analyze_url_complete() called
2026-07-05 11:26:20,051 | INFO | Starting analysis for https://google.com
2026-07-05 11:26:34,920 | INFO | Checking VirusTotal for https://google.com
2026-07-05 11:26:50,119 | INFO | VirusTotal analysis completed.
2026-07-05 11:26:50,122 | INFO | HTTPS: True
2026-07-05 11:26:50,122 | INFO | DNS Status: Valid
2026-07-05 11:26:50,122 | INFO | VirusTotal: Available
2026-07-05 11:26:50,122 | INFO | URL analysis completed.
2026-07-05 11:26:50,122 | INFO | Score: 0
2026-07-05 11:26:50,122 | INFO | Risk: SAFE
2026-07-05 11:26:50,122 | INFO | Analysis completed successfully.
2026-07-05 11:26:50,123 | INFO | Analysis completed successfully.
